<?xml version="1.0" encoding="UTF-8"?>
<!-- Generated by org.testng.reporters.JUnitXMLReporter -->
<testsuite hostname="Dell" ignored="0" name="Default test" tests="3" failures="0" timestamp="30 Jul 2019 12:00:43 GMT" time="11.392" errors="0">
  <testcase name="placeOrder" time="5.466" classname="endtoEnd.PlaceOrder"/>
  <testcase name="getOrder" time="1.721" classname="endtoEnd.PlaceOrder"/>
  <testcase name="deleteOrder" time="1.841" classname="endtoEnd.PlaceOrder"/>
</testsuite> <!-- Default test -->
